{"/Users/sarahportz/Documents/express/express-biztime/app.js": {"path":"/Users/sarahportz/Documents/express/express-biztime/app.js","statementMap":{"0":{"start":{"line":2,"column":16},"end":{"line":2,"column":34}},"1":{"start":{"line":4,"column":12},"end":{"line":4,"column":21}},"2":{"start":{"line":5,"column":21},"end":{"line":5,"column":46}},"3":{"start":{"line":7,"column":0},"end":{"line":7,"column":24}},"4":{"start":{"line":9,"column":22},"end":{"line":9,"column":51}},"5":{"start":{"line":10,"column":0},"end":{"line":10,"column":37}},"6":{"start":{"line":12,"column":22},"end":{"line":12,"column":50}},"7":{"start":{"line":13,"column":0},"end":{"line":13,"column":36}},"8":{"start":{"line":17,"column":0},"end":{"line":20,"column":3}},"9":{"start":{"line":18,"column":14},"end":{"line":18,"column":48}},"10":{"start":{"line":19,"column":2},"end":{"line":19,"column":19}},"11":{"start":{"line":24,"column":0},"end":{"line":31,"column":3}},"12":{"start":{"line":25,"column":2},"end":{"line":25,"column":32}},"13":{"start":{"line":27,"column":2},"end":{"line":30,"column":5}},"14":{"start":{"line":34,"column":0},"end":{"line":34,"column":21}}},"fnMap":{"0":{"name":"(anonymous_0)","decl":{"start":{"line":17,"column":8},"end":{"line":17,"column":9}},"loc":{"start":{"line":17,"column":33},"end":{"line":20,"column":1}},"line":17},"1":{"name":"(anonymous_1)","decl":{"start":{"line":24,"column":8},"end":{"line":24,"column":9}},"loc":{"start":{"line":24,"column":33},"end":{"line":31,"column":1}},"line":24}},"branchMap":{"0":{"loc":{"start":{"line":25,"column":13},"end":{"line":25,"column":30}},"type":"binary-expr","locations":[{"start":{"line":25,"column":13},"end":{"line":25,"column":23}},{"start":{"line":25,"column":27},"end":{"line":25,"column":30}}],"line":25}},"s":{"0":2,"1":2,"2":2,"3":2,"4":2,"5":2,"6":2,"7":2,"8":2,"9":0,"10":0,"11":2,"12":2,"13":2,"14":2},"f":{"0":0,"1":2},"b":{"0":[2,0]},"_coverageSchema":"1a1c01bbd47fc00a2c39e90264f33305004495a9","hash":"bffb23dd9679c3eaddb78d72aadfddf5f13f9e03"}
,"/Users/sarahportz/Documents/express/express-biztime/db.js": {"path":"/Users/sarahportz/Documents/express/express-biztime/db.js","statementMap":{"0":{"start":{"line":3,"column":17},"end":{"line":3,"column":30}},"1":{"start":{"line":4,"column":13},"end":{"line":6,"column":2}},"2":{"start":{"line":8,"column":0},"end":{"line":11,"column":2}},"3":{"start":{"line":9,"column":29},"end":{"line":9,"column":53}},"4":{"start":{"line":10,"column":17},"end":{"line":10,"column":27}}},"fnMap":{"0":{"name":"(anonymous_0)","decl":{"start":{"line":9,"column":11},"end":{"line":9,"column":12}},"loc":{"start":{"line":9,"column":29},"end":{"line":9,"column":53}},"line":9},"1":{"name":"(anonymous_1)","decl":{"start":{"line":10,"column":11},"end":{"line":10,"column":12}},"loc":{"start":{"line":10,"column":17},"end":{"line":10,"column":27}},"line":10}},"branchMap":{"0":{"loc":{"start":{"line":5,"column":22},"end":{"line":5,"column":82}},"type":"binary-expr","locations":[{"start":{"line":5,"column":22},"end":{"line":5,"column":46}},{"start":{"line":5,"column":50},"end":{"line":5,"column":82}}],"line":5}},"s":{"0":2,"1":2,"2":2,"3":64,"4":2},"f":{"0":64,"1":2},"b":{"0":[2,2]},"_coverageSchema":"1a1c01bbd47fc00a2c39e90264f33305004495a9","hash":"bd878b976f0e1028851fe0532ad63bae505c70d3"}
,"/Users/sarahportz/Documents/express/express-biztime/expressError.js": {"path":"/Users/sarahportz/Documents/express/express-biztime/expressError.js","statementMap":{"0":{"start":{"line":9,"column":4},"end":{"line":9,"column":12}},"1":{"start":{"line":10,"column":4},"end":{"line":10,"column":27}},"2":{"start":{"line":11,"column":4},"end":{"line":11,"column":25}},"3":{"start":{"line":12,"column":4},"end":{"line":12,"column":30}},"4":{"start":{"line":17,"column":0},"end":{"line":17,"column":30}}},"fnMap":{"0":{"name":"(anonymous_0)","decl":{"start":{"line":8,"column":2},"end":{"line":8,"column":3}},"loc":{"start":{"line":8,"column":31},"end":{"line":13,"column":3}},"line":8}},"branchMap":{},"s":{"0":2,"1":2,"2":2,"3":2,"4":2},"f":{"0":2},"b":{},"_coverageSchema":"1a1c01bbd47fc00a2c39e90264f33305004495a9","hash":"71a24e705cc3fdf041eaa9e76bbd14b4739abef5"}
,"/Users/sarahportz/Documents/express/express-biztime/routes/companies.js": {"path":"/Users/sarahportz/Documents/express/express-biztime/routes/companies.js","statementMap":{"0":{"start":{"line":1,"column":16},"end":{"line":1,"column":34}},"1":{"start":{"line":2,"column":15},"end":{"line":2,"column":31}},"2":{"start":{"line":3,"column":11},"end":{"line":3,"column":27}},"3":{"start":{"line":4,"column":21},"end":{"line":4,"column":47}},"4":{"start":{"line":5,"column":16},"end":{"line":5,"column":34}},"5":{"start":{"line":8,"column":0},"end":{"line":16,"column":3}},"6":{"start":{"line":10,"column":4},"end":{"line":15,"column":5}},"7":{"start":{"line":11,"column":24},"end":{"line":11,"column":74}},"8":{"start":{"line":12,"column":8},"end":{"line":12,"column":53}},"9":{"start":{"line":14,"column":8},"end":{"line":14,"column":18}},"10":{"start":{"line":18,"column":0},"end":{"line":31,"column":3}},"11":{"start":{"line":20,"column":4},"end":{"line":30,"column":5}},"12":{"start":{"line":21,"column":25},"end":{"line":21,"column":35}},"13":{"start":{"line":22,"column":30},"end":{"line":22,"column":117}},"14":{"start":{"line":24,"column":8},"end":{"line":26,"column":9}},"15":{"start":{"line":25,"column":12},"end":{"line":25,"column":67}},"16":{"start":{"line":27,"column":8},"end":{"line":27,"column":53}},"17":{"start":{"line":29,"column":8},"end":{"line":29,"column":18}},"18":{"start":{"line":33,"column":0},"end":{"line":44,"column":3}},"19":{"start":{"line":35,"column":4},"end":{"line":43,"column":5}},"20":{"start":{"line":36,"column":38},"end":{"line":36,"column":46}},"21":{"start":{"line":37,"column":21},"end":{"line":37,"column":65}},"22":{"start":{"line":38,"column":23},"end":{"line":38,"column":169}},"23":{"start":{"line":39,"column":8},"end":{"line":39,"column":58}},"24":{"start":{"line":41,"column":8},"end":{"line":41,"column":34}},"25":{"start":{"line":42,"column":8},"end":{"line":42,"column":64}},"26":{"start":{"line":46,"column":0},"end":{"line":59,"column":3}},"27":{"start":{"line":48,"column":4},"end":{"line":58,"column":5}},"28":{"start":{"line":49,"column":25},"end":{"line":49,"column":35}},"29":{"start":{"line":50,"column":38},"end":{"line":50,"column":46}},"30":{"start":{"line":51,"column":23},"end":{"line":51,"column":166}},"31":{"start":{"line":52,"column":8},"end":{"line":54,"column":9}},"32":{"start":{"line":53,"column":12},"end":{"line":53,"column":67}},"33":{"start":{"line":55,"column":8},"end":{"line":55,"column":46}},"34":{"start":{"line":57,"column":8},"end":{"line":57,"column":18}},"35":{"start":{"line":61,"column":0},"end":{"line":74,"column":3}},"36":{"start":{"line":63,"column":4},"end":{"line":73,"column":5}},"37":{"start":{"line":64,"column":25},"end":{"line":64,"column":35}},"38":{"start":{"line":65,"column":23},"end":{"line":65,"column":101}},"39":{"start":{"line":66,"column":8},"end":{"line":68,"column":9}},"40":{"start":{"line":67,"column":12},"end":{"line":67,"column":67}},"41":{"start":{"line":69,"column":8},"end":{"line":69,"column":72}},"42":{"start":{"line":70,"column":8},"end":{"line":70,"column":40}},"43":{"start":{"line":72,"column":8},"end":{"line":72,"column":18}},"44":{"start":{"line":76,"column":0},"end":{"line":76,"column":24}}},"fnMap":{"0":{"name":"(anonymous_0)","decl":{"start":{"line":8,"column":16},"end":{"line":8,"column":17}},"loc":{"start":{"line":8,"column":42},"end":{"line":16,"column":1}},"line":8},"1":{"name":"(anonymous_1)","decl":{"start":{"line":18,"column":21},"end":{"line":18,"column":22}},"loc":{"start":{"line":18,"column":47},"end":{"line":31,"column":1}},"line":18},"2":{"name":"(anonymous_2)","decl":{"start":{"line":33,"column":17},"end":{"line":33,"column":18}},"loc":{"start":{"line":33,"column":43},"end":{"line":44,"column":1}},"line":33},"3":{"name":"(anonymous_3)","decl":{"start":{"line":46,"column":21},"end":{"line":46,"column":22}},"loc":{"start":{"line":46,"column":47},"end":{"line":59,"column":1}},"line":46},"4":{"name":"(anonymous_4)","decl":{"start":{"line":61,"column":24},"end":{"line":61,"column":25}},"loc":{"start":{"line":61,"column":50},"end":{"line":74,"column":1}},"line":61}},"branchMap":{"0":{"loc":{"start":{"line":24,"column":8},"end":{"line":26,"column":9}},"type":"if","locations":[{"start":{"line":24,"column":8},"end":{"line":26,"column":9}},{"start":{},"end":{}}],"line":24},"1":{"loc":{"start":{"line":52,"column":8},"end":{"line":54,"column":9}},"type":"if","locations":[{"start":{"line":52,"column":8},"end":{"line":54,"column":9}},{"start":{},"end":{}}],"line":52},"2":{"loc":{"start":{"line":66,"column":8},"end":{"line":68,"column":9}},"type":"if","locations":[{"start":{"line":66,"column":8},"end":{"line":68,"column":9}},{"start":{},"end":{}}],"line":66}},"s":{"0":2,"1":2,"2":2,"3":2,"4":2,"5":2,"6":1,"7":1,"8":1,"9":0,"10":2,"11":2,"12":2,"13":2,"14":2,"15":1,"16":1,"17":1,"18":2,"19":2,"20":2,"21":2,"22":2,"23":2,"24":0,"25":0,"26":2,"27":1,"28":1,"29":1,"30":1,"31":1,"32":0,"33":1,"34":0,"35":2,"36":1,"37":1,"38":1,"39":1,"40":0,"41":1,"42":1,"43":0,"44":2},"f":{"0":1,"1":2,"2":2,"3":1,"4":1},"b":{"0":[1,1],"1":[0,1],"2":[0,1]},"_coverageSchema":"1a1c01bbd47fc00a2c39e90264f33305004495a9","hash":"301e4f190b12124d28bfa320484b682017e17aff"}
,"/Users/sarahportz/Documents/express/express-biztime/routes/invoices.js": {"path":"/Users/sarahportz/Documents/express/express-biztime/routes/invoices.js","statementMap":{"0":{"start":{"line":1,"column":16},"end":{"line":1,"column":34}},"1":{"start":{"line":2,"column":15},"end":{"line":2,"column":31}},"2":{"start":{"line":3,"column":11},"end":{"line":3,"column":27}},"3":{"start":{"line":4,"column":21},"end":{"line":4,"column":47}},"4":{"start":{"line":6,"column":0},"end":{"line":14,"column":3}},"5":{"start":{"line":8,"column":4},"end":{"line":13,"column":5}},"6":{"start":{"line":9,"column":24},"end":{"line":9,"column":76}},"7":{"start":{"line":10,"column":8},"end":{"line":10,"column":45}},"8":{"start":{"line":12,"column":8},"end":{"line":12,"column":18}},"9":{"start":{"line":16,"column":0},"end":{"line":30,"column":3}},"10":{"start":{"line":18,"column":4},"end":{"line":29,"column":5}},"11":{"start":{"line":19,"column":23},"end":{"line":19,"column":33}},"12":{"start":{"line":20,"column":30},"end":{"line":20,"column":222}},"13":{"start":{"line":22,"column":8},"end":{"line":24,"column":9}},"14":{"start":{"line":23,"column":12},"end":{"line":23,"column":61}},"15":{"start":{"line":25,"column":24},"end":{"line":25,"column":45}},"16":{"start":{"line":26,"column":8},"end":{"line":26,"column":30}},"17":{"start":{"line":28,"column":8},"end":{"line":28,"column":18}},"18":{"start":{"line":32,"column":0},"end":{"line":41,"column":3}},"19":{"start":{"line":34,"column":4},"end":{"line":40,"column":5}},"20":{"start":{"line":35,"column":35},"end":{"line":35,"column":43}},"21":{"start":{"line":36,"column":23},"end":{"line":36,"column":168}},"22":{"start":{"line":37,"column":8},"end":{"line":37,"column":58}},"23":{"start":{"line":39,"column":8},"end":{"line":39,"column":18}},"24":{"start":{"line":58,"column":0},"end":{"line":90,"column":3}},"25":{"start":{"line":60,"column":4},"end":{"line":89,"column":5}},"26":{"start":{"line":61,"column":23},"end":{"line":61,"column":33}},"27":{"start":{"line":62,"column":30},"end":{"line":62,"column":38}},"28":{"start":{"line":65,"column":29},"end":{"line":65,"column":103}},"29":{"start":{"line":66,"column":8},"end":{"line":68,"column":9}},"30":{"start":{"line":67,"column":12},"end":{"line":67,"column":61}},"31":{"start":{"line":70,"column":24},"end":{"line":70,"column":44}},"32":{"start":{"line":73,"column":26},"end":{"line":73,"column":43}},"33":{"start":{"line":74,"column":8},"end":{"line":78,"column":9}},"34":{"start":{"line":75,"column":12},"end":{"line":75,"column":37}},"35":{"start":{"line":76,"column":15},"end":{"line":78,"column":9}},"36":{"start":{"line":77,"column":12},"end":{"line":77,"column":31}},"37":{"start":{"line":81,"column":23},"end":{"line":84,"column":9}},"38":{"start":{"line":86,"column":8},"end":{"line":86,"column":46}},"39":{"start":{"line":88,"column":8},"end":{"line":88,"column":18}},"40":{"start":{"line":95,"column":0},"end":{"line":107,"column":3}},"41":{"start":{"line":97,"column":4},"end":{"line":106,"column":5}},"42":{"start":{"line":98,"column":23},"end":{"line":98,"column":33}},"43":{"start":{"line":99,"column":23},"end":{"line":99,"column":94}},"44":{"start":{"line":100,"column":8},"end":{"line":102,"column":9}},"45":{"start":{"line":101,"column":12},"end":{"line":101,"column":61}},"46":{"start":{"line":103,"column":8},"end":{"line":103,"column":40}},"47":{"start":{"line":105,"column":8},"end":{"line":105,"column":18}},"48":{"start":{"line":109,"column":0},"end":{"line":109,"column":24}}},"fnMap":{"0":{"name":"(anonymous_0)","decl":{"start":{"line":6,"column":16},"end":{"line":6,"column":17}},"loc":{"start":{"line":6,"column":42},"end":{"line":14,"column":1}},"line":6},"1":{"name":"(anonymous_1)","decl":{"start":{"line":16,"column":19},"end":{"line":16,"column":20}},"loc":{"start":{"line":16,"column":45},"end":{"line":30,"column":1}},"line":16},"2":{"name":"(anonymous_2)","decl":{"start":{"line":32,"column":17},"end":{"line":32,"column":18}},"loc":{"start":{"line":32,"column":43},"end":{"line":41,"column":1}},"line":32},"3":{"name":"(anonymous_3)","decl":{"start":{"line":58,"column":19},"end":{"line":58,"column":20}},"loc":{"start":{"line":58,"column":45},"end":{"line":90,"column":1}},"line":58},"4":{"name":"(anonymous_4)","decl":{"start":{"line":95,"column":22},"end":{"line":95,"column":23}},"loc":{"start":{"line":95,"column":48},"end":{"line":107,"column":1}},"line":95}},"branchMap":{"0":{"loc":{"start":{"line":22,"column":8},"end":{"line":24,"column":9}},"type":"if","locations":[{"start":{"line":22,"column":8},"end":{"line":24,"column":9}},{"start":{},"end":{}}],"line":22},"1":{"loc":{"start":{"line":66,"column":8},"end":{"line":68,"column":9}},"type":"if","locations":[{"start":{"line":66,"column":8},"end":{"line":68,"column":9}},{"start":{},"end":{}}],"line":66},"2":{"loc":{"start":{"line":74,"column":8},"end":{"line":78,"column":9}},"type":"if","locations":[{"start":{"line":74,"column":8},"end":{"line":78,"column":9}},{"start":{"line":76,"column":15},"end":{"line":78,"column":9}}],"line":74},"3":{"loc":{"start":{"line":74,"column":12},"end":{"line":74,"column":33}},"type":"binary-expr","locations":[{"start":{"line":74,"column":12},"end":{"line":74,"column":16}},{"start":{"line":74,"column":20},"end":{"line":74,"column":33}}],"line":74},"4":{"loc":{"start":{"line":76,"column":15},"end":{"line":78,"column":9}},"type":"if","locations":[{"start":{"line":76,"column":15},"end":{"line":78,"column":9}},{"start":{},"end":{}}],"line":76},"5":{"loc":{"start":{"line":76,"column":19},"end":{"line":76,"column":40}},"type":"binary-expr","locations":[{"start":{"line":76,"column":19},"end":{"line":76,"column":24}},{"start":{"line":76,"column":28},"end":{"line":76,"column":40}}],"line":76},"6":{"loc":{"start":{"line":100,"column":8},"end":{"line":102,"column":9}},"type":"if","locations":[{"start":{"line":100,"column":8},"end":{"line":102,"column":9}},{"start":{},"end":{}}],"line":100}},"s":{"0":2,"1":2,"2":2,"3":2,"4":2,"5":1,"6":1,"7":1,"8":0,"9":2,"10":2,"11":2,"12":2,"13":2,"14":1,"15":1,"16":1,"17":1,"18":2,"19":2,"20":2,"21":2,"22":2,"23":0,"24":2,"25":1,"26":1,"27":1,"28":1,"29":1,"30":0,"31":1,"32":1,"33":1,"34":1,"35":0,"36":0,"37":1,"38":1,"39":0,"40":2,"41":1,"42":1,"43":1,"44":1,"45":0,"46":1,"47":0,"48":2},"f":{"0":1,"1":2,"2":2,"3":1,"4":1},"b":{"0":[1,1],"1":[0,1],"2":[1,0],"3":[1,1],"4":[0,0],"5":[0,0],"6":[0,1]},"_coverageSchema":"1a1c01bbd47fc00a2c39e90264f33305004495a9","hash":"964bd9db668f074d91ec83c5c040e13977517bc0"}
}
