TN:
SF:app.js
FN:17,(anonymous_0)
FN:24,(anonymous_1)
FNF:2
FNH:1
FNDA:0,(anonymous_0)
FNDA:2,(anonymous_1)
DA:2,2
DA:4,2
DA:5,2
DA:7,2
DA:9,2
DA:10,2
DA:12,2
DA:13,2
DA:17,2
DA:18,0
DA:19,0
DA:24,2
DA:25,2
DA:27,2
DA:34,2
LF:15
LH:13
BRDA:25,0,0,2
BRDA:25,0,1,0
BRF:2
BRH:1
end_of_record
TN:
SF:db.js
FN:9,(anonymous_0)
FN:10,(anonymous_1)
FNF:2
FNH:2
FNDA:64,(anonymous_0)
FNDA:2,(anonymous_1)
DA:3,2
DA:4,2
DA:8,2
DA:9,64
DA:10,2
LF:5
LH:5
BRDA:5,0,0,2
BRDA:5,0,1,2
BRF:2
BRH:2
end_of_record
TN:
SF:expressError.js
FN:8,(anonymous_0)
FNF:1
FNH:1
FNDA:2,(anonymous_0)
DA:9,2
DA:10,2
DA:11,2
DA:12,2
DA:17,2
LF:5
LH:5
BRF:0
BRH:0
end_of_record
TN:
SF:routes/companies.js
FN:8,(anonymous_0)
FN:18,(anonymous_1)
FN:33,(anonymous_2)
FN:46,(anonymous_3)
FN:61,(anonymous_4)
FNF:5
FNH:5
FNDA:1,(anonymous_0)
FNDA:2,(anonymous_1)
FNDA:2,(anonymous_2)
FNDA:1,(anonymous_3)
FNDA:1,(anonymous_4)
DA:1,2
DA:2,2
DA:3,2
DA:4,2
DA:5,2
DA:8,2
DA:10,1
DA:11,1
DA:12,1
DA:14,0
DA:18,2
DA:20,2
DA:21,2
DA:22,2
DA:24,2
DA:25,1
DA:27,1
DA:29,1
DA:33,2
DA:35,2
DA:36,2
DA:37,2
DA:38,2
DA:39,2
DA:41,0
DA:42,0
DA:46,2
DA:48,1
DA:49,1
DA:50,1
DA:51,1
DA:52,1
DA:53,0
DA:55,1
DA:57,0
DA:61,2
DA:63,1
DA:64,1
DA:65,1
DA:66,1
DA:67,0
DA:69,1
DA:70,1
DA:72,0
DA:76,2
LF:45
LH:38
BRDA:24,0,0,1
BRDA:24,0,1,1
BRDA:52,1,0,0
BRDA:52,1,1,1
BRDA:66,2,0,0
BRDA:66,2,1,1
BRF:6
BRH:4
end_of_record
TN:
SF:routes/invoices.js
FN:6,(anonymous_0)
FN:16,(anonymous_1)
FN:32,(anonymous_2)
FN:58,(anonymous_3)
FN:95,(anonymous_4)
FNF:5
FNH:5
FNDA:1,(anonymous_0)
FNDA:2,(anonymous_1)
FNDA:2,(anonymous_2)
FNDA:1,(anonymous_3)
FNDA:1,(anonymous_4)
DA:1,2
DA:2,2
DA:3,2
DA:4,2
DA:6,2
DA:8,1
DA:9,1
DA:10,1
DA:12,0
DA:16,2
DA:18,2
DA:19,2
DA:20,2
DA:22,2
DA:23,1
DA:25,1
DA:26,1
DA:28,1
DA:32,2
DA:34,2
DA:35,2
DA:36,2
DA:37,2
DA:39,0
DA:58,2
DA:60,1
DA:61,1
DA:62,1
DA:65,1
DA:66,1
DA:67,0
DA:70,1
DA:73,1
DA:74,1
DA:75,1
DA:76,0
DA:77,0
DA:81,1
DA:86,1
DA:88,0
DA:95,2
DA:97,1
DA:98,1
DA:99,1
DA:100,1
DA:101,0
DA:103,1
DA:105,0
DA:109,2
LF:49
LH:41
BRDA:22,0,0,1
BRDA:22,0,1,1
BRDA:66,1,0,0
BRDA:66,1,1,1
BRDA:74,2,0,1
BRDA:74,2,1,0
BRDA:74,3,0,1
BRDA:74,3,1,1
BRDA:76,4,0,0
BRDA:76,4,1,0
BRDA:76,5,0,0
BRDA:76,5,1,0
BRDA:100,6,0,0
BRDA:100,6,1,1
BRF:14
BRH:7
end_of_record
